<?xml version="1.0" encoding="UTF-8"?>
<!-- Generated by org.testng.reporters.JUnitXMLReporter -->
<testsuite hostname="LAPTOP-SDLQ3M27" ignored="0" name="Default test" tests="5" failures="0" timestamp="2021-03-06T18:21:16 IST" time="0.063" errors="0">
  <testcase name="@BeforeTest report" time="0.015" classname="PagesTestCases.PracticePageTestCase">
    <failure type="java.lang.NullPointerException">
      <![CDATA[java.lang.NullPointerException
at java.io.File.<init>(Unknown Source)
at com.aventstack.extentreports.reporter.BasicFileReporter.<init>(BasicFileReporter.java:67)
at com.aventstack.extentreports.reporter.ExtentSparkReporter.<init>(ExtentSparkReporter.java:35)
at PagesTestCases.PracticePageTestCase.report(PracticePageTestCase.java:39)
at sun.reflect.NativeMethodAccessorImpl.invoke0(Native Method)
at sun.reflect.NativeMethodAccessorImpl.invoke(Unknown Source)
at sun.reflect.DelegatingMethodAccessorImpl.invoke(Unknown Source)
at java.lang.reflect.Method.invoke(Unknown Source)
at org.testng.internal.MethodInvocationHelper.invokeMethod(MethodInvocationHelper.java:132)
at org.testng.internal.MethodInvocationHelper.invokeMethodConsideringTimeout(MethodInvocationHelper.java:61)
at org.testng.internal.ConfigInvoker.invokeConfigurationMethod(ConfigInvoker.java:366)
at org.testng.internal.ConfigInvoker.invokeConfigurations(ConfigInvoker.java:320)
at org.testng.TestRunner.invokeTestConfigurations(TestRunner.java:617)
at org.testng.TestRunner.beforeRun(TestRunner.java:607)
at org.testng.TestRunner.run(TestRunner.java:578)
at org.testng.SuiteRunner.runTest(SuiteRunner.java:384)
at org.testng.SuiteRunner.runSequentially(SuiteRunner.java:378)
at org.testng.SuiteRunner.privateRun(SuiteRunner.java:337)
at org.testng.SuiteRunner.run(SuiteRunner.java:286)
at org.testng.SuiteRunnerWorker.runSuite(SuiteRunnerWorker.java:53)
at org.testng.SuiteRunnerWorker.run(SuiteRunnerWorker.java:96)
at org.testng.TestNG.runSuitesSequentially(TestNG.java:1218)
at org.testng.TestNG.runSuitesLocally(TestNG.java:1140)
at org.testng.TestNG.runSuites(TestNG.java:1069)
at org.testng.TestNG.run(TestNG.java:1037)
at org.testng.remote.AbstractRemoteTestNG.run(AbstractRemoteTestNG.java:115)
at org.testng.remote.RemoteTestNG.initAndRun(RemoteTestNG.java:251)
at org.testng.remote.RemoteTestNG.main(RemoteTestNG.java:77)
]]>
    </failure>
  </testcase> <!-- @BeforeTest report -->
  <testcase name="@BeforeMethod setup" time="-1.615035076079E9" classname="PagesTestCases.PracticePageTestCase">
    <skipped/>
  </testcase> <!-- @BeforeMethod setup -->
  <testcase name="@AfterMethod teardown" time="-1.615035076083E9" classname="PagesTestCases.PracticePageTestCase">
    <skipped/>
  </testcase> <!-- @AfterMethod teardown -->
  <testcase name="@BeforeMethod setup" time="-1.615035076085E9" classname="PagesTestCases.PracticePageTestCase">
    <skipped/>
  </testcase> <!-- @BeforeMethod setup -->
  <testcase name="@AfterMethod teardown" time="-1.615035076088E9" classname="PagesTestCases.PracticePageTestCase">
    <skipped/>
  </testcase> <!-- @AfterMethod teardown -->
  <testcase name="@BeforeMethod setup" time="-1.615035076089E9" classname="PagesTestCases.PracticePageTestCase">
    <skipped/>
  </testcase> <!-- @BeforeMethod setup -->
  <testcase name="@AfterMethod teardown" time="-1.615035076091E9" classname="PagesTestCases.PracticePageTestCase">
    <skipped/>
  </testcase> <!-- @AfterMethod teardown -->
  <testcase name="@BeforeMethod setup" time="-1.615035076093E9" classname="PagesTestCases.PracticePageTestCase">
    <skipped/>
  </testcase> <!-- @BeforeMethod setup -->
  <testcase name="@AfterMethod teardown" time="-1.615035076095E9" classname="PagesTestCases.PracticePageTestCase">
    <skipped/>
  </testcase> <!-- @AfterMethod teardown -->
  <testcase name="@BeforeMethod setup" time="-1.615035076097E9" classname="PagesTestCases.PracticePageTestCase">
    <skipped/>
  </testcase> <!-- @BeforeMethod setup -->
  <testcase name="@AfterMethod teardown" time="-1.615035076099E9" classname="PagesTestCases.PracticePageTestCase">
    <skipped/>
  </testcase> <!-- @AfterMethod teardown -->
  <testcase name="ClickOnRadiobutton1" time="0.0" classname="PagesTestCases.PracticePageTestCase">
    <skipped/>
  </testcase> <!-- ClickOnRadiobutton1 -->
  <testcase name="SuggessionClassExample" time="0.0" classname="PagesTestCases.PracticePageTestCase">
    <skipped/>
  </testcase> <!-- SuggessionClassExample -->
  <testcase name="Dropdown" time="0.0" classname="PagesTestCases.PracticePageTestCase">
    <skipped/>
  </testcase> <!-- Dropdown -->
  <testcase name="Checkbox1" time="0.0" classname="PagesTestCases.PracticePageTestCase">
    <skipped/>
  </testcase> <!-- Checkbox1 -->
  <testcase name="WindowHandling" time="0.0" classname="PagesTestCases.PracticePageTestCase">
    <skipped/>
  </testcase> <!-- WindowHandling -->
</testsuite> <!-- Default test -->
