<?xml version="1.0" encoding="UTF-8"?>
<!-- Generated by org.testng.reporters.JUnitXMLReporter -->
<testsuite hostname="LAPTOP-SDLQ3M27" ignored="0" name="Test" tests="5" failures="0" timestamp="2021-03-06T18:49:32 IST" time="41.402" errors="0">
  <testcase name="ClickOnRadiobutton1" time="0.261" classname="PagesTestCases.PracticePageTestCase"/>
  <testcase name="SuggessionClassExample" time="0.707" classname="PagesTestCases.PracticePageTestCase"/>
  <testcase name="Dropdown" time="0.346" classname="PagesTestCases.PracticePageTestCase"/>
  <testcase name="Checkbox1" time="0.264" classname="PagesTestCases.PracticePageTestCase"/>
  <testcase name="WindowHandling" time="0.77" classname="PagesTestCases.PracticePageTestCase"/>
</testsuite> <!-- Test -->
